May-06 13:45:13.271 [main] DEBUG nextflow.cli.Launcher - $> nextflow run script.nf -resume
May-06 13:45:13.616 [main] INFO  nextflow.cli.CmdRun - N E X T F L O W  ~  version 23.10.0
May-06 13:45:13.653 [main] DEBUG nextflow.plugin.PluginsFacade - Setting up plugin manager > mode=prod; embedded=false; plugins-dir=/root/.nextflow/plugins; core-plugins: nf-amazon@2.1.4,nf-azure@1.3.2,nf-cloudcache@0.3.0,nf-codecommit@0.1.5,nf-console@1.0.6,nf-ga4gh@1.1.0,nf-google@1.8.3,nf-tower@1.6.3,nf-wave@1.0.0
May-06 13:45:13.677 [main] INFO  o.pf4j.DefaultPluginStatusProvider - Enabled plugins: []
May-06 13:45:13.678 [main] INFO  o.pf4j.DefaultPluginStatusProvider - Disabled plugins: []
May-06 13:45:13.684 [main] INFO  org.pf4j.DefaultPluginManager - PF4J version 3.4.1 in 'deployment' mode
May-06 13:45:13.702 [main] INFO  org.pf4j.AbstractPluginManager - No plugins
May-06 13:45:13.724 [main] DEBUG nextflow.config.ConfigBuilder - Found config local: /home/eaderogba279/Bionformatics_Projects/RNA_Seq_NextFlow/nextflow.config
May-06 13:45:13.727 [main] DEBUG nextflow.config.ConfigBuilder - Parsing config file: /home/eaderogba279/Bionformatics_Projects/RNA_Seq_NextFlow/nextflow.config
May-06 13:45:13.760 [main] DEBUG nextflow.config.ConfigBuilder - Applying config profile: `standard`
May-06 13:45:14.387 [main] DEBUG nextflow.cli.CmdRun - Applied DSL=2 from script declararion
May-06 13:45:14.418 [main] INFO  nextflow.cli.CmdRun - Launching `script.nf` [trusting_babbage] DSL2 - revision: e6ee6c0eb4
May-06 13:45:14.421 [main] DEBUG nextflow.plugin.PluginsFacade - Plugins default=[]
May-06 13:45:14.422 [main] DEBUG nextflow.plugin.PluginsFacade - Plugins resolved requirement=[]
May-06 13:45:14.437 [main] DEBUG n.secret.LocalSecretsProvider - Secrets store: /root/.nextflow/secrets/store.json
May-06 13:45:14.450 [main] DEBUG nextflow.secret.SecretsLoader - Discovered secrets providers: [nextflow.secret.LocalSecretsProvider@6dcc40f5] - activable => nextflow.secret.LocalSecretsProvider@6dcc40f5
May-06 13:45:14.552 [main] DEBUG nextflow.Session - Session UUID: fe6f6959-569d-4cc5-bdc8-482205ddb783
May-06 13:45:14.554 [main] DEBUG nextflow.Session - Run name: trusting_babbage
May-06 13:45:14.557 [main] DEBUG nextflow.Session - Executor pool size: 4
May-06 13:45:14.572 [main] DEBUG nextflow.file.FilePorter - File porter settings maxRetries=3; maxTransfers=50; pollTimeout=null
May-06 13:45:14.610 [main] DEBUG nextflow.cli.CmdRun - 
  Version: 23.10.0 build 5889
  Created: 15-10-2023 15:07 UTC (16:07 WAST)
  System: Linux 6.5.0-28-generic
  Runtime: Groovy 3.0.19 on Java HotSpot(TM) 64-Bit Server VM 21.0.1+12-LTS-29
  Encoding: UTF-8 (UTF-8)
  Process: 110841@eaderogba279-Latitude-7480 [127.0.1.1]
  CPUs: 4 - Mem: 15.5 GB (4.6 GB) - Swap: 2 GB (2 GB) - Virtual threads ON
May-06 13:45:14.645 [main] DEBUG nextflow.Session - Work-dir: /home/eaderogba279/Bionformatics_Projects/RNA_Seq_NextFlow/work [ext2/ext3]
May-06 13:45:14.646 [main] DEBUG nextflow.Session - Script base path does not exist or is not a directory: /home/eaderogba279/Bionformatics_Projects/RNA_Seq_NextFlow/bin
May-06 13:45:14.660 [main] DEBUG nextflow.executor.ExecutorFactory - Extension executors providers=[]
May-06 13:45:14.682 [main] DEBUG nextflow.Session - Observer factory: DefaultObserverFactory
May-06 13:45:14.713 [main] DEBUG nextflow.cache.CacheFactory - Using Nextflow cache factory: nextflow.cache.DefaultCacheFactory
May-06 13:45:14.727 [main] DEBUG nextflow.util.CustomPoolFactory - Creating virtual thread pool
May-06 13:45:14.867 [main] DEBUG nextflow.Session - Session start
May-06 13:45:15.533 [main] DEBUG nextflow.script.ScriptRunner - > Launching execution
May-06 13:45:15.557 [main] INFO  nextflow.Nextflow - R N A S E Q - N F  P I P E L I N E
===================================
Adapted by Adebowale
===================================
transcriptome: /home/eaderogba279/Bionformatics_Projects/RNA_Seq_NextFlow/data/Homo_sapiens.GRCh38.cdna.all.fa
reads        : /home/eaderogba279/Bionformatics_Projects/RNA_Seq_NextFlow/data/*_{1,2}.fastq
outdir       : results

May-06 13:45:15.761 [main] DEBUG nextflow.executor.ExecutorFactory - << taskConfig executor: null
May-06 13:45:15.762 [main] DEBUG nextflow.executor.ExecutorFactory - >> processorType: 'local'
May-06 13:45:15.768 [main] DEBUG nextflow.executor.Executor - [warm up] executor > local
May-06 13:45:15.775 [main] DEBUG n.processor.LocalPollingMonitor - Creating local task monitor for executor 'local' > cpus=4; memory=15.5 GB; capacity=4; pollInterval=100ms; dumpInterval=5m
May-06 13:45:15.779 [main] DEBUG n.processor.TaskPollingMonitor - >>> barrier register (monitor: local)
May-06 13:45:15.868 [main] DEBUG nextflow.executor.ExecutorFactory - << taskConfig executor: null
May-06 13:45:15.868 [main] DEBUG nextflow.executor.ExecutorFactory - >> processorType: 'local'
May-06 13:45:15.897 [main] DEBUG nextflow.executor.ExecutorFactory - << taskConfig executor: null
May-06 13:45:15.899 [main] DEBUG nextflow.executor.ExecutorFactory - >> processorType: 'local'
May-06 13:45:15.910 [main] DEBUG nextflow.executor.ExecutorFactory - << taskConfig executor: null
May-06 13:45:15.910 [main] DEBUG nextflow.executor.ExecutorFactory - >> processorType: 'local'
May-06 13:45:15.914 [main] DEBUG nextflow.Session - Workflow process names [dsl2]: FASTQC, QUANTIFICATION, MULTIQC, INDEX
May-06 13:45:15.915 [main] DEBUG nextflow.Session - Igniting dataflow network (5)
May-06 13:45:15.924 [main] DEBUG nextflow.processor.TaskProcessor - Starting process > INDEX
May-06 13:45:15.926 [PathVisitor-1] DEBUG nextflow.file.PathVisitor - files for syntax: glob; folder: /home/eaderogba279/Bionformatics_Projects/RNA_Seq_NextFlow/data/; pattern: *_{1,2}.fastq; options: [checkIfExists:true]
May-06 13:45:15.933 [main] DEBUG nextflow.processor.TaskProcessor - Starting process > FASTQC
May-06 13:45:15.934 [main] DEBUG nextflow.processor.TaskProcessor - Starting process > MULTIQC
May-06 13:45:15.938 [main] DEBUG nextflow.processor.TaskProcessor - Starting process > QUANTIFICATION
May-06 13:45:15.941 [main] DEBUG nextflow.script.ScriptRunner - Parsed script files:
  Script_b859eb5a8c6fc00a: /home/eaderogba279/Bionformatics_Projects/RNA_Seq_NextFlow/script.nf
May-06 13:45:15.941 [main] DEBUG nextflow.script.ScriptRunner - > Awaiting termination 
May-06 13:45:15.941 [main] DEBUG nextflow.Session - Session await
May-06 13:45:16.217 [Actor Thread 11] INFO  nextflow.processor.TaskProcessor - [c6/53f6aa] Cached process > INDEX
May-06 13:45:16.218 [Actor Thread 18] INFO  nextflow.processor.TaskProcessor - [95/41c634] Cached process > FASTQC (FASTQC on SRR28420795)
May-06 13:45:16.218 [Actor Thread 22] INFO  nextflow.processor.TaskProcessor - [79/c18c08] Cached process > FASTQC (FASTQC on SRR28420796)
May-06 13:45:16.219 [Actor Thread 20] INFO  nextflow.processor.TaskProcessor - [d7/d8897c] Cached process > FASTQC (FASTQC on SRR28420797)
May-06 13:45:16.222 [Actor Thread 16] INFO  nextflow.processor.TaskProcessor - [82/609950] Cached process > FASTQC (FASTQC on SRR28420798)
May-06 13:45:16.259 [Actor Thread 28] INFO  nextflow.processor.TaskProcessor - [3a/ff8125] Cached process > QUANTIFICATION (Salmon on SRR28420798)
May-06 13:45:16.260 [Actor Thread 30] INFO  nextflow.processor.TaskProcessor - [43/bb72b6] Cached process > QUANTIFICATION (Salmon on SRR28420795)
May-06 13:45:16.273 [Actor Thread 37] INFO  nextflow.processor.TaskProcessor - [42/87b21b] Cached process > QUANTIFICATION (Salmon on SRR28420796)
May-06 13:45:16.268 [Actor Thread 32] INFO  nextflow.processor.TaskProcessor - [8f/8dc523] Cached process > QUANTIFICATION (Salmon on SRR28420797)
May-06 13:45:16.358 [Task submitter] DEBUG n.executor.local.LocalTaskHandler - Launch cmd line: /bin/bash -ue .command.run
May-06 13:45:16.361 [Task submitter] INFO  nextflow.Session - [54/a33c13] Submitted process > MULTIQC
May-06 13:45:20.856 [Task monitor] DEBUG n.processor.TaskPollingMonitor - Task completed > TaskHandler[id: 10; name: MULTIQC; status: COMPLETED; exit: 0; error: -; workDir: /home/eaderogba279/Bionformatics_Projects/RNA_Seq_NextFlow/work/54/a33c1354f0a87f051dc64912f0e086]
May-06 13:45:20.864 [main] DEBUG nextflow.Session - Session await > all processes finished
May-06 13:45:20.865 [Task monitor] DEBUG n.processor.TaskPollingMonitor - <<< barrier arrives (monitor: local) - terminating tasks monitor poll loop
May-06 13:45:20.866 [main] DEBUG nextflow.Session - Session await > all barriers passed
May-06 13:45:20.869 [main] DEBUG nextflow.util.ThreadPoolManager - Thread pool 'PublishDir' shutdown completed (hard=false)
May-06 13:45:20.871 [main] INFO  nextflow.Nextflow - 
Done! Open the following report in your browser --> results/multiqc_report.html

May-06 13:45:20.881 [main] DEBUG n.trace.WorkflowStatsObserver - Workflow completed > WorkflowStats[succeededCount=1; failedCount=0; ignoredCount=0; cachedCount=9; pendingCount=0; submittedCount=0; runningCount=0; retriesCount=0; abortedCount=0; succeedDuration=17.9s; failedDuration=0ms; cachedDuration=3h 30m 38s;loadCpus=0; loadMemory=0; peakRunning=1; peakCpus=4; peakMemory=0; ]
May-06 13:45:20.928 [main] DEBUG nextflow.cache.CacheDB - Closing CacheDB done
May-06 13:45:20.958 [main] DEBUG nextflow.util.ThreadPoolManager - Thread pool 'FileTransfer' shutdown completed (hard=false)
May-06 13:45:20.959 [main] DEBUG nextflow.script.ScriptRunner - > Execution complete -- Goodbye
