[2024-05-06 09:33:09,991] multiqc                                            [DEBUG  ]  No MultiQC config found: /opt/conda/lib/python2.7/site-packages/multiqc_config.yaml
[2024-05-06 09:33:09,991] multiqc                                            [DEBUG  ]  No MultiQC config found: /root/.multiqc_config.yaml
[2024-05-06 09:33:09,991] multiqc                                            [DEBUG  ]  No MultiQC config found: multiqc_config.yaml
[2024-05-06 09:33:09,991] multiqc                                            [DEBUG  ]  Command used: /opt/conda/bin/multiqc .
[2024-05-06 09:33:11,681] multiqc                                            [WARNING]  MultiQC Version v1.21 now available!
[2024-05-06 09:33:11,681] multiqc                                            [INFO   ]  This is MultiQC v1.5.dev0
[2024-05-06 09:33:11,682] multiqc                                            [DEBUG  ]  Command     : /opt/conda/bin/multiqc .
[2024-05-06 09:33:11,682] multiqc                                            [DEBUG  ]  Working dir : /home/eaderogba279/Bionformatics_Projects/RNA_Seq_NextFlow/work/82/21404dce656d792b15d5981b94004d
[2024-05-06 09:33:11,682] multiqc                                            [INFO   ]  Template    : default
[2024-05-06 09:33:11,682] multiqc                                            [INFO   ]  Searching '.'
[2024-05-06 09:33:11,682] multiqc                                            [DEBUG  ]  Analysing modules: afterqc, custom_content, conpair, peddy, methylQA, qualimap, preseq, quast, qorts, rna_seqc, rsem, rseqc, busco, goleft_indexcov, disambiguate, supernova, deeptools, sargasso, verifybamid, homer, macs2, theta2, snpeff, gatk, htseq, bcftools, featureCounts, picard, prokka, samblaster, samtools, bamtools, jellyfish, vcftools, bbmap, bismark, hicexplorer, hicup, salmon, kallisto, slamdunk, star, hisat2, tophat, bowtie2, bowtie1, leehom, adapterRemoval, cutadapt, flexbar, trimmomatic, skewer, sortmerna, biobloomtools, fastq_screen, fastqc, clusterflow, bcl2fastq, interop
[2024-05-06 09:33:11,683] multiqc                                            [DEBUG  ]  Using temporary directory for creating report: /tmp/tmp3IdMfY
[2024-05-06 09:33:41,800] multiqc                                            [DEBUG  ]  Ignoring file as matched an ignore pattern: SRR28420797_2_fastqc.html
[2024-05-06 09:33:41,801] multiqc                                            [DEBUG  ]  Ignoring file as matched an ignore pattern: SRR28420797_1_fastqc.html
[2024-05-06 09:33:56,166] multiqc                                            [DEBUG  ]  Ignoring file as matched an ignore pattern: SRR28420796_1_fastqc.html
[2024-05-06 09:33:56,166] multiqc                                            [DEBUG  ]  Ignoring file as matched an ignore pattern: SRR28420796_2_fastqc.html
[2024-05-06 09:34:12,255] multiqc                                            [DEBUG  ]  Ignoring file as matched an ignore pattern: SRR28420795_2_fastqc.html
[2024-05-06 09:34:12,256] multiqc                                            [DEBUG  ]  Ignoring file as matched an ignore pattern: SRR28420795_1_fastqc.html
[2024-05-06 09:34:12,256] multiqc                                            [DEBUG  ]  Ignoring file as matched an ignore pattern: SRR28420798_2_fastqc.html
[2024-05-06 09:34:12,256] multiqc                                            [DEBUG  ]  Ignoring file as matched an ignore pattern: SRR28420798_1_fastqc.html
[2024-05-06 09:34:12,791] multiqc                                            [DEBUG  ]  No samples found: afterqc
[2024-05-06 09:34:12,796] multiqc                                            [DEBUG  ]  No samples found: custom_content
[2024-05-06 09:34:12,799] multiqc                                            [DEBUG  ]  No samples found: conpair
[2024-05-06 09:34:12,802] multiqc                                            [DEBUG  ]  No samples found: peddy
[2024-05-06 09:34:12,805] multiqc                                            [DEBUG  ]  No samples found: methylQA
[2024-05-06 09:34:12,809] multiqc                                            [DEBUG  ]  No samples found: qualimap
[2024-05-06 09:34:12,812] multiqc                                            [DEBUG  ]  No samples found: preseq
[2024-05-06 09:34:12,815] multiqc                                            [DEBUG  ]  No samples found: quast
[2024-05-06 09:34:12,818] multiqc                                            [DEBUG  ]  No samples found: qorts
[2024-05-06 09:34:12,821] multiqc                                            [DEBUG  ]  No samples found: rna_seqc
[2024-05-06 09:34:12,824] multiqc                                            [DEBUG  ]  No samples found: rsem
[2024-05-06 09:34:12,830] multiqc                                            [DEBUG  ]  No samples found: rseqc
[2024-05-06 09:34:12,833] multiqc                                            [DEBUG  ]  No samples found: busco
[2024-05-06 09:34:12,836] multiqc                                            [DEBUG  ]  No samples found: goleft_indexcov
[2024-05-06 09:34:12,839] multiqc                                            [DEBUG  ]  No samples found: disambiguate
[2024-05-06 09:34:12,842] multiqc                                            [DEBUG  ]  No samples found: supernova
[2024-05-06 09:34:12,846] multiqc                                            [DEBUG  ]  No samples found: deeptools
[2024-05-06 09:34:12,849] multiqc                                            [DEBUG  ]  No samples found: sargasso
[2024-05-06 09:34:12,852] multiqc                                            [DEBUG  ]  No samples found: verifybamid
[2024-05-06 09:34:12,856] multiqc                                            [DEBUG  ]  No samples found: homer
[2024-05-06 09:34:12,859] multiqc                                            [DEBUG  ]  No samples found: macs2
[2024-05-06 09:34:12,862] multiqc                                            [DEBUG  ]  No samples found: theta2
[2024-05-06 09:34:12,865] multiqc                                            [DEBUG  ]  No samples found: snpeff
[2024-05-06 09:34:12,869] multiqc                                            [DEBUG  ]  No samples found: gatk
[2024-05-06 09:34:12,871] multiqc                                            [DEBUG  ]  No samples found: htseq
[2024-05-06 09:34:12,875] multiqc                                            [DEBUG  ]  No samples found: bcftools
[2024-05-06 09:34:12,878] multiqc                                            [DEBUG  ]  No samples found: featureCounts
[2024-05-06 09:34:12,884] multiqc                                            [DEBUG  ]  No samples found: picard
[2024-05-06 09:34:12,887] multiqc                                            [DEBUG  ]  No samples found: prokka
[2024-05-06 09:34:12,890] multiqc                                            [DEBUG  ]  No samples found: samblaster
[2024-05-06 09:34:12,894] multiqc                                            [DEBUG  ]  No samples found: samtools
[2024-05-06 09:34:12,897] multiqc                                            [DEBUG  ]  No samples found: bamtools
[2024-05-06 09:34:12,900] multiqc                                            [DEBUG  ]  No samples found: jellyfish
[2024-05-06 09:34:12,904] multiqc                                            [DEBUG  ]  No samples found: vcftools
[2024-05-06 09:34:12,910] multiqc                                            [DEBUG  ]  No samples found: bbmap
[2024-05-06 09:34:12,913] multiqc                                            [DEBUG  ]  No samples found: bismark
[2024-05-06 09:34:12,916] multiqc                                            [DEBUG  ]  No samples found: hicexplorer
[2024-05-06 09:34:12,920] multiqc                                            [DEBUG  ]  No samples found: hicup
[2024-05-06 09:34:12,931] multiqc.modules.salmon.salmon                      [INFO   ]  Found 4 meta reports
[2024-05-06 09:34:12,933] multiqc.modules.salmon.salmon                      [INFO   ]  Found 4 fragment length distributions
[2024-05-06 09:34:12,947] multiqc                                            [DEBUG  ]  No samples found: kallisto
[2024-05-06 09:34:12,950] multiqc                                            [DEBUG  ]  No samples found: slamdunk
[2024-05-06 09:34:12,956] multiqc                                            [DEBUG  ]  No samples found: star
[2024-05-06 09:34:12,960] multiqc                                            [DEBUG  ]  No samples found: hisat2
[2024-05-06 09:34:12,963] multiqc                                            [DEBUG  ]  No samples found: tophat
[2024-05-06 09:34:12,966] multiqc                                            [DEBUG  ]  No samples found: bowtie2
[2024-05-06 09:34:12,969] multiqc                                            [DEBUG  ]  No samples found: bowtie1
[2024-05-06 09:34:12,972] multiqc                                            [DEBUG  ]  No samples found: leehom
[2024-05-06 09:34:12,975] multiqc                                            [DEBUG  ]  No samples found: adapterRemoval
[2024-05-06 09:34:12,978] multiqc                                            [DEBUG  ]  No samples found: cutadapt
[2024-05-06 09:34:12,981] multiqc                                            [DEBUG  ]  No samples found: flexbar
[2024-05-06 09:34:12,984] multiqc                                            [DEBUG  ]  No samples found: trimmomatic
[2024-05-06 09:34:12,987] multiqc                                            [DEBUG  ]  No samples found: skewer
[2024-05-06 09:34:12,991] multiqc                                            [DEBUG  ]  No samples found: sortmerna
[2024-05-06 09:34:12,994] multiqc                                            [DEBUG  ]  No samples found: biobloomtools
[2024-05-06 09:34:12,997] multiqc                                            [DEBUG  ]  No samples found: fastq_screen
[2024-05-06 09:34:13,077] multiqc.modules.fastqc.fastqc                      [INFO   ]  Found 8 reports
[2024-05-06 09:34:13,732] multiqc                                            [DEBUG  ]  No samples found: clusterflow
[2024-05-06 09:34:13,737] multiqc                                            [DEBUG  ]  No samples found: bcl2fastq
[2024-05-06 09:34:13,741] multiqc                                            [DEBUG  ]  No samples found: interop
[2024-05-06 09:34:13,756] multiqc                                            [INFO   ]  Compressing plot data
[2024-05-06 09:34:14,125] multiqc                                            [INFO   ]  Report      : multiqc_report.html
[2024-05-06 09:34:14,125] multiqc                                            [INFO   ]  Data        : multiqc_data
[2024-05-06 09:34:14,125] multiqc                                            [DEBUG  ]  Moving data file from '/tmp/tmp3IdMfY/multiqc_data/multiqc_salmon.txt' to '/home/eaderogba279/Bionformatics_Projects/RNA_Seq_NextFlow/work/82/21404dce656d792b15d5981b94004d/multiqc_data'
[2024-05-06 09:34:14,126] multiqc                                            [DEBUG  ]  Moving data file from '/tmp/tmp3IdMfY/multiqc_data/multiqc_fastqc.txt' to '/home/eaderogba279/Bionformatics_Projects/RNA_Seq_NextFlow/work/82/21404dce656d792b15d5981b94004d/multiqc_data'
[2024-05-06 09:34:14,126] multiqc                                            [DEBUG  ]  Moving data file from '/tmp/tmp3IdMfY/multiqc_data/multiqc_general_stats.txt' to '/home/eaderogba279/Bionformatics_Projects/RNA_Seq_NextFlow/work/82/21404dce656d792b15d5981b94004d/multiqc_data'
[2024-05-06 09:34:14,126] multiqc                                            [DEBUG  ]  Moving data file from '/tmp/tmp3IdMfY/multiqc_data/multiqc_data.json' to '/home/eaderogba279/Bionformatics_Projects/RNA_Seq_NextFlow/work/82/21404dce656d792b15d5981b94004d/multiqc_data'
[2024-05-06 09:34:14,128] multiqc                                            [DEBUG  ]  Moving data file from '/tmp/tmp3IdMfY/multiqc_data/multiqc_sources.txt' to '/home/eaderogba279/Bionformatics_Projects/RNA_Seq_NextFlow/work/82/21404dce656d792b15d5981b94004d/multiqc_data'
[2024-05-06 09:34:14,231] multiqc                                            [INFO   ]  MultiQC complete
