[2024-05-06 12:11:55,103] multiqc                                            [DEBUG  ]  No MultiQC config found: /opt/conda/lib/python2.7/site-packages/multiqc_config.yaml
[2024-05-06 12:11:55,103] multiqc                                            [DEBUG  ]  No MultiQC config found: /root/.multiqc_config.yaml
[2024-05-06 12:11:55,103] multiqc                                            [DEBUG  ]  No MultiQC config found: multiqc_config.yaml
[2024-05-06 12:11:55,103] multiqc                                            [DEBUG  ]  Command used: /opt/conda/bin/multiqc .
[2024-05-06 12:11:56,645] multiqc                                            [WARNING]  MultiQC Version v1.21 now available!
[2024-05-06 12:11:56,646] multiqc                                            [INFO   ]  This is MultiQC v1.5.dev0
[2024-05-06 12:11:56,646] multiqc                                            [DEBUG  ]  Command     : /opt/conda/bin/multiqc .
[2024-05-06 12:11:56,646] multiqc                                            [DEBUG  ]  Working dir : /home/eaderogba279/Bionformatics_Projects/RNA_Seq_NextFlow/work/3c/df32586de7c0fbd5b3770aa6e9233f
[2024-05-06 12:11:56,646] multiqc                                            [INFO   ]  Template    : default
[2024-05-06 12:11:56,646] multiqc                                            [INFO   ]  Searching '.'
[2024-05-06 12:11:56,647] multiqc                                            [DEBUG  ]  Analysing modules: afterqc, custom_content, conpair, peddy, methylQA, qualimap, preseq, quast, qorts, rna_seqc, rsem, rseqc, busco, goleft_indexcov, disambiguate, supernova, deeptools, sargasso, verifybamid, homer, macs2, theta2, snpeff, gatk, htseq, bcftools, featureCounts, picard, prokka, samblaster, samtools, bamtools, jellyfish, vcftools, bbmap, bismark, hicexplorer, hicup, salmon, kallisto, slamdunk, star, hisat2, tophat, bowtie2, bowtie1, leehom, adapterRemoval, cutadapt, flexbar, trimmomatic, skewer, sortmerna, biobloomtools, fastq_screen, fastqc, clusterflow, bcl2fastq, interop
[2024-05-06 12:11:56,647] multiqc                                            [DEBUG  ]  Using temporary directory for creating report: /tmp/tmp5ABzfm
[2024-05-06 12:11:56,733] multiqc                                            [DEBUG  ]  Ignoring file as matched an ignore pattern: SRR28420795_2_fastqc.html
[2024-05-06 12:11:56,734] multiqc                                            [DEBUG  ]  Ignoring file as matched an ignore pattern: SRR28420795_1_fastqc.html
[2024-05-06 12:11:57,136] multiqc                                            [DEBUG  ]  No samples found: afterqc
[2024-05-06 12:11:57,139] multiqc                                            [DEBUG  ]  No samples found: custom_content
[2024-05-06 12:11:57,142] multiqc                                            [DEBUG  ]  No samples found: conpair
[2024-05-06 12:11:57,145] multiqc                                            [DEBUG  ]  No samples found: peddy
[2024-05-06 12:11:57,148] multiqc                                            [DEBUG  ]  No samples found: methylQA
[2024-05-06 12:11:57,150] multiqc                                            [DEBUG  ]  No samples found: qualimap
[2024-05-06 12:11:57,153] multiqc                                            [DEBUG  ]  No samples found: preseq
[2024-05-06 12:11:57,155] multiqc                                            [DEBUG  ]  No samples found: quast
[2024-05-06 12:11:57,158] multiqc                                            [DEBUG  ]  No samples found: qorts
[2024-05-06 12:11:57,161] multiqc                                            [DEBUG  ]  No samples found: rna_seqc
[2024-05-06 12:11:57,163] multiqc                                            [DEBUG  ]  No samples found: rsem
[2024-05-06 12:11:57,166] multiqc                                            [DEBUG  ]  No samples found: rseqc
[2024-05-06 12:11:57,169] multiqc                                            [DEBUG  ]  No samples found: busco
[2024-05-06 12:11:57,171] multiqc                                            [DEBUG  ]  No samples found: goleft_indexcov
[2024-05-06 12:11:57,174] multiqc                                            [DEBUG  ]  No samples found: disambiguate
[2024-05-06 12:11:57,176] multiqc                                            [DEBUG  ]  No samples found: supernova
[2024-05-06 12:11:57,179] multiqc                                            [DEBUG  ]  No samples found: deeptools
[2024-05-06 12:11:57,182] multiqc                                            [DEBUG  ]  No samples found: sargasso
[2024-05-06 12:11:57,184] multiqc                                            [DEBUG  ]  No samples found: verifybamid
[2024-05-06 12:11:57,187] multiqc                                            [DEBUG  ]  No samples found: homer
[2024-05-06 12:11:57,189] multiqc                                            [DEBUG  ]  No samples found: macs2
[2024-05-06 12:11:57,192] multiqc                                            [DEBUG  ]  No samples found: theta2
[2024-05-06 12:11:57,194] multiqc                                            [DEBUG  ]  No samples found: snpeff
[2024-05-06 12:11:57,197] multiqc                                            [DEBUG  ]  No samples found: gatk
[2024-05-06 12:11:57,200] multiqc                                            [DEBUG  ]  No samples found: htseq
[2024-05-06 12:11:57,202] multiqc                                            [DEBUG  ]  No samples found: bcftools
[2024-05-06 12:11:57,205] multiqc                                            [DEBUG  ]  No samples found: featureCounts
[2024-05-06 12:11:57,208] multiqc                                            [DEBUG  ]  No samples found: picard
[2024-05-06 12:11:57,211] multiqc                                            [DEBUG  ]  No samples found: prokka
[2024-05-06 12:11:57,213] multiqc                                            [DEBUG  ]  No samples found: samblaster
[2024-05-06 12:11:57,216] multiqc                                            [DEBUG  ]  No samples found: samtools
[2024-05-06 12:11:57,218] multiqc                                            [DEBUG  ]  No samples found: bamtools
[2024-05-06 12:11:57,221] multiqc                                            [DEBUG  ]  No samples found: jellyfish
[2024-05-06 12:11:57,224] multiqc                                            [DEBUG  ]  No samples found: vcftools
[2024-05-06 12:11:57,227] multiqc                                            [DEBUG  ]  No samples found: bbmap
[2024-05-06 12:11:57,230] multiqc                                            [DEBUG  ]  No samples found: bismark
[2024-05-06 12:11:57,232] multiqc                                            [DEBUG  ]  No samples found: hicexplorer
[2024-05-06 12:11:57,235] multiqc                                            [DEBUG  ]  No samples found: hicup
[2024-05-06 12:11:57,237] multiqc                                            [DEBUG  ]  No samples found: salmon
[2024-05-06 12:11:57,240] multiqc                                            [DEBUG  ]  No samples found: kallisto
[2024-05-06 12:11:57,242] multiqc                                            [DEBUG  ]  No samples found: slamdunk
[2024-05-06 12:11:57,245] multiqc                                            [DEBUG  ]  No samples found: star
[2024-05-06 12:11:57,247] multiqc                                            [DEBUG  ]  No samples found: hisat2
[2024-05-06 12:11:57,250] multiqc                                            [DEBUG  ]  No samples found: tophat
[2024-05-06 12:11:57,252] multiqc                                            [DEBUG  ]  No samples found: bowtie2
[2024-05-06 12:11:57,257] multiqc                                            [DEBUG  ]  No samples found: bowtie1
[2024-05-06 12:11:57,263] multiqc                                            [DEBUG  ]  No samples found: leehom
[2024-05-06 12:11:57,266] multiqc                                            [DEBUG  ]  No samples found: adapterRemoval
[2024-05-06 12:11:57,268] multiqc                                            [DEBUG  ]  No samples found: cutadapt
[2024-05-06 12:11:57,270] multiqc                                            [DEBUG  ]  No samples found: flexbar
[2024-05-06 12:11:57,273] multiqc                                            [DEBUG  ]  No samples found: trimmomatic
[2024-05-06 12:11:57,275] multiqc                                            [DEBUG  ]  No samples found: skewer
[2024-05-06 12:11:57,278] multiqc                                            [DEBUG  ]  No samples found: sortmerna
[2024-05-06 12:11:57,280] multiqc                                            [DEBUG  ]  No samples found: biobloomtools
[2024-05-06 12:11:57,283] multiqc                                            [DEBUG  ]  No samples found: fastq_screen
[2024-05-06 12:11:57,304] multiqc.modules.fastqc.fastqc                      [INFO   ]  Found 2 reports
[2024-05-06 12:11:57,494] multiqc                                            [DEBUG  ]  No samples found: clusterflow
[2024-05-06 12:11:57,499] multiqc                                            [DEBUG  ]  No samples found: bcl2fastq
[2024-05-06 12:11:57,504] multiqc                                            [DEBUG  ]  No samples found: interop
[2024-05-06 12:11:57,507] multiqc                                            [INFO   ]  Compressing plot data
[2024-05-06 12:11:57,579] multiqc                                            [INFO   ]  Report      : multiqc_report.html
[2024-05-06 12:11:57,580] multiqc                                            [INFO   ]  Data        : multiqc_data
[2024-05-06 12:11:57,580] multiqc                                            [DEBUG  ]  Moving data file from '/tmp/tmp5ABzfm/multiqc_data/multiqc_fastqc.txt' to '/home/eaderogba279/Bionformatics_Projects/RNA_Seq_NextFlow/work/3c/df32586de7c0fbd5b3770aa6e9233f/multiqc_data'
[2024-05-06 12:11:57,580] multiqc                                            [DEBUG  ]  Moving data file from '/tmp/tmp5ABzfm/multiqc_data/multiqc_general_stats.txt' to '/home/eaderogba279/Bionformatics_Projects/RNA_Seq_NextFlow/work/3c/df32586de7c0fbd5b3770aa6e9233f/multiqc_data'
[2024-05-06 12:11:57,580] multiqc                                            [DEBUG  ]  Moving data file from '/tmp/tmp5ABzfm/multiqc_data/multiqc_data.json' to '/home/eaderogba279/Bionformatics_Projects/RNA_Seq_NextFlow/work/3c/df32586de7c0fbd5b3770aa6e9233f/multiqc_data'
[2024-05-06 12:11:57,581] multiqc                                            [DEBUG  ]  Moving data file from '/tmp/tmp5ABzfm/multiqc_data/multiqc_sources.txt' to '/home/eaderogba279/Bionformatics_Projects/RNA_Seq_NextFlow/work/3c/df32586de7c0fbd5b3770aa6e9233f/multiqc_data'
[2024-05-06 12:11:57,665] multiqc                                            [INFO   ]  MultiQC complete
