Threads = 4
Vertex length = 31
Hash functions = 5
Filter size = 2147483648
Capacity = 2
Files: 
salmon_index/ref_k31_fixed.fa
--------------------------------------------------------------------------------
Round 0, 0:2147483648
Pass	Filling	Filtering
1	44	161	
2	32	1
True junctions count = 788894
False junctions count = 1529743
Hash table size = 2318637
Candidate marks count = 13073104
--------------------------------------------------------------------------------
Reallocating bifurcations time: 0
True marks count: 8050384
Edges construction time: 83
--------------------------------------------------------------------------------
Distinct junctions = 788894

for info, total work write each  : 2.331    total work inram from level 3 : 4.322  total work raw : 25.000 
Bitarray       608068672  bits (100.00 %)   (array + ranks )
final hash             0  bits (0.00 %) (nb in final hash 0)
