[2024-05-06 12:11:51,588] multiqc                                            [DEBUG  ]  No MultiQC config found: /opt/conda/lib/python2.7/site-packages/multiqc_config.yaml
[2024-05-06 12:11:51,588] multiqc                                            [DEBUG  ]  No MultiQC config found: /root/.multiqc_config.yaml
[2024-05-06 12:11:51,588] multiqc                                            [DEBUG  ]  No MultiQC config found: multiqc_config.yaml
[2024-05-06 12:11:51,588] multiqc                                            [DEBUG  ]  Command used: /opt/conda/bin/multiqc .
[2024-05-06 12:11:52,996] multiqc                                            [WARNING]  MultiQC Version v1.21 now available!
[2024-05-06 12:11:52,996] multiqc                                            [INFO   ]  This is MultiQC v1.5.dev0
[2024-05-06 12:11:52,996] multiqc                                            [DEBUG  ]  Command     : /opt/conda/bin/multiqc .
[2024-05-06 12:11:52,996] multiqc                                            [DEBUG  ]  Working dir : /home/eaderogba279/Bionformatics_Projects/RNA_Seq_NextFlow/work/fa/3b04547e065afebc75d9edeecd5ef3
[2024-05-06 12:11:52,996] multiqc                                            [INFO   ]  Template    : default
[2024-05-06 12:11:52,996] multiqc                                            [INFO   ]  Searching '.'
[2024-05-06 12:11:52,996] multiqc                                            [DEBUG  ]  Analysing modules: afterqc, custom_content, conpair, peddy, methylQA, qualimap, preseq, quast, qorts, rna_seqc, rsem, rseqc, busco, goleft_indexcov, disambiguate, supernova, deeptools, sargasso, verifybamid, homer, macs2, theta2, snpeff, gatk, htseq, bcftools, featureCounts, picard, prokka, samblaster, samtools, bamtools, jellyfish, vcftools, bbmap, bismark, hicexplorer, hicup, salmon, kallisto, slamdunk, star, hisat2, tophat, bowtie2, bowtie1, leehom, adapterRemoval, cutadapt, flexbar, trimmomatic, skewer, sortmerna, biobloomtools, fastq_screen, fastqc, clusterflow, bcl2fastq, interop
[2024-05-06 12:11:52,997] multiqc                                            [DEBUG  ]  Using temporary directory for creating report: /tmp/tmpUhGgl0
[2024-05-06 12:11:53,064] multiqc                                            [DEBUG  ]  Ignoring file as matched an ignore pattern: SRR28420797_2_fastqc.html
[2024-05-06 12:11:53,065] multiqc                                            [DEBUG  ]  Ignoring file as matched an ignore pattern: SRR28420797_1_fastqc.html
[2024-05-06 12:11:53,458] multiqc                                            [DEBUG  ]  No samples found: afterqc
[2024-05-06 12:11:53,462] multiqc                                            [DEBUG  ]  No samples found: custom_content
[2024-05-06 12:11:53,464] multiqc                                            [DEBUG  ]  No samples found: conpair
[2024-05-06 12:11:53,467] multiqc                                            [DEBUG  ]  No samples found: peddy
[2024-05-06 12:11:53,469] multiqc                                            [DEBUG  ]  No samples found: methylQA
[2024-05-06 12:11:53,472] multiqc                                            [DEBUG  ]  No samples found: qualimap
[2024-05-06 12:11:53,474] multiqc                                            [DEBUG  ]  No samples found: preseq
[2024-05-06 12:11:53,477] multiqc                                            [DEBUG  ]  No samples found: quast
[2024-05-06 12:11:53,479] multiqc                                            [DEBUG  ]  No samples found: qorts
[2024-05-06 12:11:53,482] multiqc                                            [DEBUG  ]  No samples found: rna_seqc
[2024-05-06 12:11:53,484] multiqc                                            [DEBUG  ]  No samples found: rsem
[2024-05-06 12:11:53,488] multiqc                                            [DEBUG  ]  No samples found: rseqc
[2024-05-06 12:11:53,491] multiqc                                            [DEBUG  ]  No samples found: busco
[2024-05-06 12:11:53,493] multiqc                                            [DEBUG  ]  No samples found: goleft_indexcov
[2024-05-06 12:11:53,496] multiqc                                            [DEBUG  ]  No samples found: disambiguate
[2024-05-06 12:11:53,498] multiqc                                            [DEBUG  ]  No samples found: supernova
[2024-05-06 12:11:53,501] multiqc                                            [DEBUG  ]  No samples found: deeptools
[2024-05-06 12:11:53,504] multiqc                                            [DEBUG  ]  No samples found: sargasso
[2024-05-06 12:11:53,506] multiqc                                            [DEBUG  ]  No samples found: verifybamid
[2024-05-06 12:11:53,509] multiqc                                            [DEBUG  ]  No samples found: homer
[2024-05-06 12:11:53,511] multiqc                                            [DEBUG  ]  No samples found: macs2
[2024-05-06 12:11:53,514] multiqc                                            [DEBUG  ]  No samples found: theta2
[2024-05-06 12:11:53,517] multiqc                                            [DEBUG  ]  No samples found: snpeff
[2024-05-06 12:11:53,520] multiqc                                            [DEBUG  ]  No samples found: gatk
[2024-05-06 12:11:53,522] multiqc                                            [DEBUG  ]  No samples found: htseq
[2024-05-06 12:11:53,525] multiqc                                            [DEBUG  ]  No samples found: bcftools
[2024-05-06 12:11:53,527] multiqc                                            [DEBUG  ]  No samples found: featureCounts
[2024-05-06 12:11:53,531] multiqc                                            [DEBUG  ]  No samples found: picard
[2024-05-06 12:11:53,534] multiqc                                            [DEBUG  ]  No samples found: prokka
[2024-05-06 12:11:53,536] multiqc                                            [DEBUG  ]  No samples found: samblaster
[2024-05-06 12:11:53,539] multiqc                                            [DEBUG  ]  No samples found: samtools
[2024-05-06 12:11:53,542] multiqc                                            [DEBUG  ]  No samples found: bamtools
[2024-05-06 12:11:53,544] multiqc                                            [DEBUG  ]  No samples found: jellyfish
[2024-05-06 12:11:53,547] multiqc                                            [DEBUG  ]  No samples found: vcftools
[2024-05-06 12:11:53,551] multiqc                                            [DEBUG  ]  No samples found: bbmap
[2024-05-06 12:11:53,553] multiqc                                            [DEBUG  ]  No samples found: bismark
[2024-05-06 12:11:53,556] multiqc                                            [DEBUG  ]  No samples found: hicexplorer
[2024-05-06 12:11:53,558] multiqc                                            [DEBUG  ]  No samples found: hicup
[2024-05-06 12:11:53,561] multiqc                                            [DEBUG  ]  No samples found: salmon
[2024-05-06 12:11:53,563] multiqc                                            [DEBUG  ]  No samples found: kallisto
[2024-05-06 12:11:53,566] multiqc                                            [DEBUG  ]  No samples found: slamdunk
[2024-05-06 12:11:53,568] multiqc                                            [DEBUG  ]  No samples found: star
[2024-05-06 12:11:53,571] multiqc                                            [DEBUG  ]  No samples found: hisat2
[2024-05-06 12:11:53,573] multiqc                                            [DEBUG  ]  No samples found: tophat
[2024-05-06 12:11:53,576] multiqc                                            [DEBUG  ]  No samples found: bowtie2
[2024-05-06 12:11:53,578] multiqc                                            [DEBUG  ]  No samples found: bowtie1
[2024-05-06 12:11:53,581] multiqc                                            [DEBUG  ]  No samples found: leehom
[2024-05-06 12:11:53,583] multiqc                                            [DEBUG  ]  No samples found: adapterRemoval
[2024-05-06 12:11:53,586] multiqc                                            [DEBUG  ]  No samples found: cutadapt
[2024-05-06 12:11:53,588] multiqc                                            [DEBUG  ]  No samples found: flexbar
[2024-05-06 12:11:53,591] multiqc                                            [DEBUG  ]  No samples found: trimmomatic
[2024-05-06 12:11:53,593] multiqc                                            [DEBUG  ]  No samples found: skewer
[2024-05-06 12:11:53,596] multiqc                                            [DEBUG  ]  No samples found: sortmerna
[2024-05-06 12:11:53,598] multiqc                                            [DEBUG  ]  No samples found: biobloomtools
[2024-05-06 12:11:53,601] multiqc                                            [DEBUG  ]  No samples found: fastq_screen
[2024-05-06 12:11:53,614] multiqc.modules.fastqc.fastqc                      [INFO   ]  Found 2 reports
[2024-05-06 12:11:53,780] multiqc                                            [DEBUG  ]  No samples found: clusterflow
[2024-05-06 12:11:53,782] multiqc                                            [DEBUG  ]  No samples found: bcl2fastq
[2024-05-06 12:11:53,785] multiqc                                            [DEBUG  ]  No samples found: interop
[2024-05-06 12:11:53,788] multiqc                                            [INFO   ]  Compressing plot data
[2024-05-06 12:11:53,869] multiqc                                            [INFO   ]  Report      : multiqc_report.html
[2024-05-06 12:11:53,869] multiqc                                            [INFO   ]  Data        : multiqc_data
[2024-05-06 12:11:53,869] multiqc                                            [DEBUG  ]  Moving data file from '/tmp/tmpUhGgl0/multiqc_data/multiqc_fastqc.txt' to '/home/eaderogba279/Bionformatics_Projects/RNA_Seq_NextFlow/work/fa/3b04547e065afebc75d9edeecd5ef3/multiqc_data'
[2024-05-06 12:11:53,870] multiqc                                            [DEBUG  ]  Moving data file from '/tmp/tmpUhGgl0/multiqc_data/multiqc_general_stats.txt' to '/home/eaderogba279/Bionformatics_Projects/RNA_Seq_NextFlow/work/fa/3b04547e065afebc75d9edeecd5ef3/multiqc_data'
[2024-05-06 12:11:53,870] multiqc                                            [DEBUG  ]  Moving data file from '/tmp/tmpUhGgl0/multiqc_data/multiqc_data.json' to '/home/eaderogba279/Bionformatics_Projects/RNA_Seq_NextFlow/work/fa/3b04547e065afebc75d9edeecd5ef3/multiqc_data'
[2024-05-06 12:11:53,870] multiqc                                            [DEBUG  ]  Moving data file from '/tmp/tmpUhGgl0/multiqc_data/multiqc_sources.txt' to '/home/eaderogba279/Bionformatics_Projects/RNA_Seq_NextFlow/work/fa/3b04547e065afebc75d9edeecd5ef3/multiqc_data'
[2024-05-06 12:11:53,954] multiqc                                            [INFO   ]  MultiQC complete
