[2024-05-06 12:45:17,253] multiqc                                            [DEBUG  ]  No MultiQC config found: /opt/conda/lib/python2.7/site-packages/multiqc_config.yaml
[2024-05-06 12:45:17,253] multiqc                                            [DEBUG  ]  No MultiQC config found: /root/.multiqc_config.yaml
[2024-05-06 12:45:17,253] multiqc                                            [DEBUG  ]  No MultiQC config found: multiqc_config.yaml
[2024-05-06 12:45:17,253] multiqc                                            [DEBUG  ]  Command used: /opt/conda/bin/multiqc .
[2024-05-06 12:45:18,812] multiqc                                            [WARNING]  MultiQC Version v1.21 now available!
[2024-05-06 12:45:18,812] multiqc                                            [INFO   ]  This is MultiQC v1.5.dev0
[2024-05-06 12:45:18,812] multiqc                                            [DEBUG  ]  Command     : /opt/conda/bin/multiqc .
[2024-05-06 12:45:18,812] multiqc                                            [DEBUG  ]  Working dir : /home/eaderogba279/Bionformatics_Projects/RNA_Seq_NextFlow/work/54/a33c1354f0a87f051dc64912f0e086
[2024-05-06 12:45:18,812] multiqc                                            [INFO   ]  Template    : default
[2024-05-06 12:45:18,812] multiqc                                            [INFO   ]  Searching '.'
[2024-05-06 12:45:18,813] multiqc                                            [DEBUG  ]  Analysing modules: afterqc, custom_content, conpair, peddy, methylQA, qualimap, preseq, quast, qorts, rna_seqc, rsem, rseqc, busco, goleft_indexcov, disambiguate, supernova, deeptools, sargasso, verifybamid, homer, macs2, theta2, snpeff, gatk, htseq, bcftools, featureCounts, picard, prokka, samblaster, samtools, bamtools, jellyfish, vcftools, bbmap, bismark, hicexplorer, hicup, salmon, kallisto, slamdunk, star, hisat2, tophat, bowtie2, bowtie1, leehom, adapterRemoval, cutadapt, flexbar, trimmomatic, skewer, sortmerna, biobloomtools, fastq_screen, fastqc, clusterflow, bcl2fastq, interop
[2024-05-06 12:45:18,813] multiqc                                            [DEBUG  ]  Using temporary directory for creating report: /tmp/tmpVD1ZOO
[2024-05-06 12:45:18,884] multiqc                                            [DEBUG  ]  Ignoring file as matched an ignore pattern: SRR28420798_2_fastqc.html
[2024-05-06 12:45:18,884] multiqc                                            [DEBUG  ]  Ignoring file as matched an ignore pattern: SRR28420798_1_fastqc.html
[2024-05-06 12:45:18,884] multiqc                                            [DEBUG  ]  Ignoring file as matched an ignore pattern: SRR28420797_2_fastqc.html
[2024-05-06 12:45:18,884] multiqc                                            [DEBUG  ]  Ignoring file as matched an ignore pattern: SRR28420797_1_fastqc.html
[2024-05-06 12:45:18,885] multiqc                                            [DEBUG  ]  Ignoring file as matched an ignore pattern: SRR28420796_1_fastqc.html
[2024-05-06 12:45:18,885] multiqc                                            [DEBUG  ]  Ignoring file as matched an ignore pattern: SRR28420796_2_fastqc.html
[2024-05-06 12:45:18,885] multiqc                                            [DEBUG  ]  Ignoring file as matched an ignore pattern: SRR28420795_2_fastqc.html
[2024-05-06 12:45:18,886] multiqc                                            [DEBUG  ]  Ignoring file as matched an ignore pattern: SRR28420795_1_fastqc.html
[2024-05-06 12:45:19,289] multiqc                                            [DEBUG  ]  No samples found: afterqc
[2024-05-06 12:45:19,293] multiqc                                            [DEBUG  ]  No samples found: custom_content
[2024-05-06 12:45:19,296] multiqc                                            [DEBUG  ]  No samples found: conpair
[2024-05-06 12:45:19,299] multiqc                                            [DEBUG  ]  No samples found: peddy
[2024-05-06 12:45:19,302] multiqc                                            [DEBUG  ]  No samples found: methylQA
[2024-05-06 12:45:19,305] multiqc                                            [DEBUG  ]  No samples found: qualimap
[2024-05-06 12:45:19,307] multiqc                                            [DEBUG  ]  No samples found: preseq
[2024-05-06 12:45:19,310] multiqc                                            [DEBUG  ]  No samples found: quast
[2024-05-06 12:45:19,313] multiqc                                            [DEBUG  ]  No samples found: qorts
[2024-05-06 12:45:19,315] multiqc                                            [DEBUG  ]  No samples found: rna_seqc
[2024-05-06 12:45:19,318] multiqc                                            [DEBUG  ]  No samples found: rsem
[2024-05-06 12:45:19,321] multiqc                                            [DEBUG  ]  No samples found: rseqc
[2024-05-06 12:45:19,324] multiqc                                            [DEBUG  ]  No samples found: busco
[2024-05-06 12:45:19,326] multiqc                                            [DEBUG  ]  No samples found: goleft_indexcov
[2024-05-06 12:45:19,329] multiqc                                            [DEBUG  ]  No samples found: disambiguate
[2024-05-06 12:45:19,331] multiqc                                            [DEBUG  ]  No samples found: supernova
[2024-05-06 12:45:19,334] multiqc                                            [DEBUG  ]  No samples found: deeptools
[2024-05-06 12:45:19,337] multiqc                                            [DEBUG  ]  No samples found: sargasso
[2024-05-06 12:45:19,339] multiqc                                            [DEBUG  ]  No samples found: verifybamid
[2024-05-06 12:45:19,342] multiqc                                            [DEBUG  ]  No samples found: homer
[2024-05-06 12:45:19,345] multiqc                                            [DEBUG  ]  No samples found: macs2
[2024-05-06 12:45:19,347] multiqc                                            [DEBUG  ]  No samples found: theta2
[2024-05-06 12:45:19,350] multiqc                                            [DEBUG  ]  No samples found: snpeff
[2024-05-06 12:45:19,353] multiqc                                            [DEBUG  ]  No samples found: gatk
[2024-05-06 12:45:19,356] multiqc                                            [DEBUG  ]  No samples found: htseq
[2024-05-06 12:45:19,358] multiqc                                            [DEBUG  ]  No samples found: bcftools
[2024-05-06 12:45:19,363] multiqc                                            [DEBUG  ]  No samples found: featureCounts
[2024-05-06 12:45:19,367] multiqc                                            [DEBUG  ]  No samples found: picard
[2024-05-06 12:45:19,369] multiqc                                            [DEBUG  ]  No samples found: prokka
[2024-05-06 12:45:19,372] multiqc                                            [DEBUG  ]  No samples found: samblaster
[2024-05-06 12:45:19,375] multiqc                                            [DEBUG  ]  No samples found: samtools
[2024-05-06 12:45:19,378] multiqc                                            [DEBUG  ]  No samples found: bamtools
[2024-05-06 12:45:19,380] multiqc                                            [DEBUG  ]  No samples found: jellyfish
[2024-05-06 12:45:19,383] multiqc                                            [DEBUG  ]  No samples found: vcftools
[2024-05-06 12:45:19,387] multiqc                                            [DEBUG  ]  No samples found: bbmap
[2024-05-06 12:45:19,390] multiqc                                            [DEBUG  ]  No samples found: bismark
[2024-05-06 12:45:19,393] multiqc                                            [DEBUG  ]  No samples found: hicexplorer
[2024-05-06 12:45:19,396] multiqc                                            [DEBUG  ]  No samples found: hicup
[2024-05-06 12:45:19,399] multiqc                                            [DEBUG  ]  No samples found: salmon
[2024-05-06 12:45:19,402] multiqc                                            [DEBUG  ]  No samples found: kallisto
[2024-05-06 12:45:19,405] multiqc                                            [DEBUG  ]  No samples found: slamdunk
[2024-05-06 12:45:19,409] multiqc                                            [DEBUG  ]  No samples found: star
[2024-05-06 12:45:19,413] multiqc                                            [DEBUG  ]  No samples found: hisat2
[2024-05-06 12:45:19,415] multiqc                                            [DEBUG  ]  No samples found: tophat
[2024-05-06 12:45:19,418] multiqc                                            [DEBUG  ]  No samples found: bowtie2
[2024-05-06 12:45:19,420] multiqc                                            [DEBUG  ]  No samples found: bowtie1
[2024-05-06 12:45:19,423] multiqc                                            [DEBUG  ]  No samples found: leehom
[2024-05-06 12:45:19,426] multiqc                                            [DEBUG  ]  No samples found: adapterRemoval
[2024-05-06 12:45:19,429] multiqc                                            [DEBUG  ]  No samples found: cutadapt
[2024-05-06 12:45:19,432] multiqc                                            [DEBUG  ]  No samples found: flexbar
[2024-05-06 12:45:19,436] multiqc                                            [DEBUG  ]  No samples found: trimmomatic
[2024-05-06 12:45:19,440] multiqc                                            [DEBUG  ]  No samples found: skewer
[2024-05-06 12:45:19,443] multiqc                                            [DEBUG  ]  No samples found: sortmerna
[2024-05-06 12:45:19,446] multiqc                                            [DEBUG  ]  No samples found: biobloomtools
[2024-05-06 12:45:19,449] multiqc                                            [DEBUG  ]  No samples found: fastq_screen
[2024-05-06 12:45:19,505] multiqc.modules.fastqc.fastqc                      [INFO   ]  Found 8 reports
[2024-05-06 12:45:20,166] multiqc                                            [DEBUG  ]  No samples found: clusterflow
[2024-05-06 12:45:20,169] multiqc                                            [DEBUG  ]  No samples found: bcl2fastq
[2024-05-06 12:45:20,172] multiqc                                            [DEBUG  ]  No samples found: interop
[2024-05-06 12:45:20,183] multiqc                                            [INFO   ]  Compressing plot data
[2024-05-06 12:45:20,422] multiqc                                            [INFO   ]  Report      : multiqc_report.html
[2024-05-06 12:45:20,422] multiqc                                            [INFO   ]  Data        : multiqc_data
[2024-05-06 12:45:20,422] multiqc                                            [DEBUG  ]  Moving data file from '/tmp/tmpVD1ZOO/multiqc_data/multiqc_fastqc.txt' to '/home/eaderogba279/Bionformatics_Projects/RNA_Seq_NextFlow/work/54/a33c1354f0a87f051dc64912f0e086/multiqc_data'
[2024-05-06 12:45:20,423] multiqc                                            [DEBUG  ]  Moving data file from '/tmp/tmpVD1ZOO/multiqc_data/multiqc_general_stats.txt' to '/home/eaderogba279/Bionformatics_Projects/RNA_Seq_NextFlow/work/54/a33c1354f0a87f051dc64912f0e086/multiqc_data'
[2024-05-06 12:45:20,423] multiqc                                            [DEBUG  ]  Moving data file from '/tmp/tmpVD1ZOO/multiqc_data/multiqc_data.json' to '/home/eaderogba279/Bionformatics_Projects/RNA_Seq_NextFlow/work/54/a33c1354f0a87f051dc64912f0e086/multiqc_data'
[2024-05-06 12:45:20,424] multiqc                                            [DEBUG  ]  Moving data file from '/tmp/tmpVD1ZOO/multiqc_data/multiqc_sources.txt' to '/home/eaderogba279/Bionformatics_Projects/RNA_Seq_NextFlow/work/54/a33c1354f0a87f051dc64912f0e086/multiqc_data'
[2024-05-06 12:45:20,567] multiqc                                            [INFO   ]  MultiQC complete
